DEBUG:root:Order:2 13 6.0
DEBUG:root:Finish turn

DEBUG:root:Order:2 14 6.0
DEBUG:root:Finish turn

DEBUG:root:Order:2 9 17.0
DEBUG:root:Finish turn

DEBUG:root:Order:2 10 17.0
DEBUG:root:Finish turn

DEBUG:root:Order:2 19 17.0
DEBUG:root:Finish turn

DEBUG:root:Order:2 20 17.0
DEBUG:root:Finish turn

DEBUG:root:Order:2 17 26.0
DEBUG:root:Finish turn

DEBUG:root:Order:2 18 26.0
DEBUG:root:Bad order:2 3.0 9
DEBUG:root:Finish turn

DEBUG:root:Bad order:2 8.0 10
DEBUG:root:Finish turn

DEBUG:root:Order:2 9 11
DEBUG:root:Finish turn

DEBUG:root:Order:2 9 1
DEBUG:root:Finish turn

DEBUG:root:Order:2 9 1
DEBUG:root:Finish turn

DEBUG:root:Order:2 9 1
DEBUG:root:Finish turn

DEBUG:root:Order:2 9 1
DEBUG:root:Finish turn

DEBUG:root:Order:2 17 17
DEBUG:root:Order:9 17 14
DEBUG:root:Finish turn

DEBUG:root:Order:2 17 2
DEBUG:root:Finish turn

DEBUG:root:Order:19 20 8
DEBUG:root:Order:2 20 7
DEBUG:root:Order:9 20 5
DEBUG:root:Order:17 20 3
DEBUG:root:Finish turn

DEBUG:root:Order:2 14 6
DEBUG:root:Order:9 14 4
DEBUG:root:Order:9 13 4
DEBUG:root:Finish turn

DEBUG:root:Order:2 9 2
DEBUG:root:Finish turn

DEBUG:root:Order:2 9 1
DEBUG:root:Order:2 17 1
DEBUG:root:Order:2 19 1
DEBUG:root:Finish turn

DEBUG:root:Order:13 17 2
DEBUG:root:Order:13 19 2
DEBUG:root:Order:13 9 2
DEBUG:root:Order:2 9 1
DEBUG:root:Finish turn

DEBUG:root:Order:2 13 2
DEBUG:root:Order:2 19 2
DEBUG:root:Finish turn

DEBUG:root:Order:9 17 3
DEBUG:root:Order:2 17 1
DEBUG:root:Order:13 17 1
DEBUG:root:Order:13 18 1
DEBUG:root:Order:13 19 1
DEBUG:root:Finish turn

DEBUG:root:Order:2 19 9
DEBUG:root:Order:9 19 7
DEBUG:root:Order:9 17 7
DEBUG:root:Order:13 17 6
DEBUG:root:Order:20 17 1
DEBUG:root:Finish turn

DEBUG:root:Order:2 20 4
DEBUG:root:Order:18 20 4
DEBUG:root:Order:18 9 4
DEBUG:root:Order:18 17 4
DEBUG:root:Order:13 17 3
DEBUG:root:Finish turn

DEBUG:root:Order:17 18 5
DEBUG:root:Order:2 18 3
DEBUG:root:Order:2 19 1
DEBUG:root:Order:2 20 1
DEBUG:root:Finish turn

DEBUG:root:Order:13 18 6
DEBUG:root:Order:2 18 3
DEBUG:root:Order:9 18 3
DEBUG:root:Order:17 18 1
DEBUG:root:Finish turn

DEBUG:root:Order:2 18 3
DEBUG:root:Order:13 18 2
DEBUG:root:Order:13 17 2
DEBUG:root:Order:9 17 1
DEBUG:root:Finish turn

DEBUG:root:Order:2 18 1
DEBUG:root:Order:2 19 1
DEBUG:root:Order:2 20 1
DEBUG:root:Finish turn

DEBUG:root:Order:2 18 2
DEBUG:root:Order:2 19 2
DEBUG:root:Order:2 20 2
DEBUG:root:Order:2 17 2
DEBUG:root:Order:9 17 1
DEBUG:root:Order:13 17 1
DEBUG:root:Finish turn

DEBUG:root:Order:13 19 3
DEBUG:root:Order:17 19 3
DEBUG:root:Order:9 19 2
DEBUG:root:Order:9 2 1
DEBUG:root:Order:9 18 2
DEBUG:root:Finish turn

DEBUG:root:Order:2 9 1
DEBUG:root:Order:2 19 1
DEBUG:root:Order:2 20 1
DEBUG:root:Order:2 17 2
DEBUG:root:Order:13 17 2
DEBUG:root:Finish turn

DEBUG:root:Order:13 17 4
DEBUG:root:Order:2 17 2
DEBUG:root:Order:9 17 2
DEBUG:root:Order:18 17 1
DEBUG:root:Finish turn

DEBUG:root:Order:2 20 8
DEBUG:root:Order:13 20 7
DEBUG:root:Order:9 20 6
DEBUG:root:Order:19 20 4
DEBUG:root:Order:19 17 1
DEBUG:root:Finish turn

DEBUG:root:Order:2 17 2
DEBUG:root:Order:2 19 2
DEBUG:root:Order:2 20 2
DEBUG:root:Finish turn

DEBUG:root:Order:13 17 1
DEBUG:root:Order:13 19 1
DEBUG:root:Order:13 20 1
DEBUG:root:Order:13 2 3
DEBUG:root:Order:9 2 1
DEBUG:root:Finish turn

DEBUG:root:Order:2 16 34.0
DEBUG:root:Order:9 2 10
DEBUG:root:Order:13 2 8
DEBUG:root:Order:13 19 8
DEBUG:root:Order:17 19 7
DEBUG:root:Order:20 19 1
DEBUG:root:Finish turn

DEBUG:root:Order:20 13 5
DEBUG:root:Order:20 19 1
DEBUG:root:Order:20 17 5
DEBUG:root:Order:2 17 2
DEBUG:root:Order:9 17 1
DEBUG:root:Finish turn

DEBUG:root:Order:17 18 7
DEBUG:root:Order:2 18 4
DEBUG:root:Order:9 18 1
DEBUG:root:Order:9 20 2
DEBUG:root:Order:13 20 2
DEBUG:root:Finish turn

DEBUG:root:Order:2 20 2
DEBUG:root:Order:2 18 1
DEBUG:root:Order:2 19 1
DEBUG:root:Order:2 17 3
DEBUG:root:Order:13 17 2
DEBUG:root:Finish turn

DEBUG:root:Order:17 18 1
DEBUG:root:Order:17 19 1
DEBUG:root:Order:17 20 1
DEBUG:root:Order:17 2 3
DEBUG:root:Order:13 2 2
DEBUG:root:Order:9 2 1
DEBUG:root:Finish turn

DEBUG:root:Order:2 17 4
DEBUG:root:Order:2 18 2
DEBUG:root:Order:2 19 2
DEBUG:root:Order:2 20 2
DEBUG:root:Finish turn

DEBUG:root:Order:13 19 9
DEBUG:root:Order:9 19 7
DEBUG:root:Order:2 19 6
DEBUG:root:Order:2 20 6
DEBUG:root:Order:17 20 4
DEBUG:root:Order:18 20 1
DEBUG:root:Finish turn

DEBUG:root:Order:13 17 6
DEBUG:root:Order:18 17 6
DEBUG:root:Order:9 17 5
DEBUG:root:Order:19 17 2
DEBUG:root:Order:20 17 2
DEBUG:root:Order:2 17 1
DEBUG:root:Finish turn

DEBUG:root:Order:2 17 3
DEBUG:root:Order:2 18 3
DEBUG:root:Order:13 18 2
DEBUG:root:Order:9 18 1
DEBUG:root:Finish turn

DEBUG:root:Order:18 17 2
DEBUG:root:Order:18 19 2
DEBUG:root:Order:18 20 2
DEBUG:root:Order:18 2 3
DEBUG:root:Order:13 2 1
DEBUG:root:Finish turn

DEBUG:root:Order:2 16 9
DEBUG:root:Order:13 16 5
DEBUG:root:Order:9 16 4
DEBUG:root:Order:17 16 1
DEBUG:root:Order:17 18 1
DEBUG:root:Order:19 18 1
DEBUG:root:Order:20 18 1
DEBUG:root:Finish turn

DEBUG:root:Order:2 16 7
DEBUG:root:Order:13 16 6
DEBUG:root:Order:9 16 5
DEBUG:root:Order:19 16 3
DEBUG:root:Order:20 16 3
DEBUG:root:Order:17 16 2
DEBUG:root:Order:18 16 2
DEBUG:root:Finish turn

DEBUG:root:Order:2 18 5
DEBUG:root:Order:13 18 4
DEBUG:root:Order:9 18 3
DEBUG:root:Order:16 18 1
DEBUG:root:Order:17 18 1
DEBUG:root:Order:19 18 1
DEBUG:root:Order:20 18 1
DEBUG:root:Finish turn

DEBUG:root:Order:2 18 3
DEBUG:root:Order:13 18 1
DEBUG:root:Order:13 17 2
DEBUG:root:Order:9 17 1
DEBUG:root:Order:16 17 1
DEBUG:root:Finish turn

DEBUG:root:Order:2 18 2
DEBUG:root:Order:2 19 2
DEBUG:root:Order:2 20 2
DEBUG:root:Finish turn

DEBUG:root:Order:13 18 1
DEBUG:root:Order:13 19 1
DEBUG:root:Order:13 20 1
DEBUG:root:Order:13 2 2
DEBUG:root:Order:9 2 1
DEBUG:root:Order:16 2 1
DEBUG:root:Finish turn

DEBUG:root:Order:2 18 2
DEBUG:root:Order:2 19 2
DEBUG:root:Order:2 20 2
DEBUG:root:Order:2 13 1
DEBUG:root:Order:2 17 1
DEBUG:root:Finish turn

DEBUG:root:Order:9 19 6
DEBUG:root:Order:13 19 6
DEBUG:root:Order:2 19 5
DEBUG:root:Order:17 19 3
DEBUG:root:Order:18 19 3
DEBUG:root:Order:20 19 3
DEBUG:root:Finish turn

DEBUG:root:Order:2 19 3
DEBUG:root:Order:2 17 3
DEBUG:root:Order:13 17 2
DEBUG:root:Order:9 17 1
DEBUG:root:Finish turn

DEBUG:root:Order:17 18 2
DEBUG:root:Order:17 19 2
DEBUG:root:Order:17 20 2
DEBUG:root:Order:17 2 3
DEBUG:root:Order:13 2 1
DEBUG:root:Finish turn

DEBUG:root:Order:2 16 7
DEBUG:root:Order:13 16 1
DEBUG:root:Order:13 17 3
DEBUG:root:Order:9 17 2
DEBUG:root:Order:9 18 2
DEBUG:root:Finish turn

DEBUG:root:Order:2 16 6
DEBUG:root:Order:13 16 4
DEBUG:root:Order:18 16 3
DEBUG:root:Order:9 16 2
DEBUG:root:Order:17 16 1
DEBUG:root:Order:19 16 1
DEBUG:root:Order:20 16 1
DEBUG:root:Finish turn

DEBUG:root:Order:2 16 2
DEBUG:root:Order:2 17 3
DEBUG:root:Order:13 17 2
DEBUG:root:Order:9 17 1
DEBUG:root:Finish turn

DEBUG:root:Order:17 18 2
DEBUG:root:Order:17 19 2
DEBUG:root:Order:17 20 2
DEBUG:root:Order:17 16 3
DEBUG:root:Order:13 16 1
DEBUG:root:Finish turn

DEBUG:root:Order:16 19 7
DEBUG:root:Order:2 19 6
DEBUG:root:Order:13 19 5
DEBUG:root:Order:9 19 3
DEBUG:root:Order:9 17 3
DEBUG:root:Finish turn

DEBUG:root:Order:2 17 10
DEBUG:root:Order:13 17 9
DEBUG:root:Order:16 17 8
DEBUG:root:Order:20 17 5
DEBUG:root:Order:20 18 7
DEBUG:root:Order:9 18 6
DEBUG:root:Order:19 18 5
DEBUG:root:Finish turn

DEBUG:root:Order:2 20 3
DEBUG:root:Order:13 20 2
DEBUG:root:Order:13 17 1
DEBUG:root:Order:13 18 1
DEBUG:root:Order:13 19 2
DEBUG:root:Order:9 19 1
DEBUG:root:Order:16 19 1
DEBUG:root:Finish turn

DEBUG:root:Order:2 20 8
DEBUG:root:Order:19 20 7
DEBUG:root:Order:9 20 6
DEBUG:root:Bad order:16 4.0 6
DEBUG:root:Order:13 20 3
DEBUG:root:Order:17 20 3
DEBUG:root:Order:18 20 3
DEBUG:root:Finish turn

DEBUG:root:Order:16 20 6
DEBUG:root:Order:2 20 2
DEBUG:root:Order:2 17 1
DEBUG:root:Order:2 18 1
DEBUG:root:Order:2 19 1
DEBUG:root:Finish turn

DEBUG:root:Order:13 18 5
DEBUG:root:Order:9 18 3
DEBUG:root:Order:16 18 3
DEBUG:root:Order:2 18 2
DEBUG:root:Finish turn

DEBUG:root:Order:2 18 3
DEBUG:root:Order:13 18 1
DEBUG:root:Order:13 17 2
DEBUG:root:Order:9 17 1
DEBUG:root:Order:16 17 1
DEBUG:root:Finish turn

DEBUG:root:Order:2 18 2
DEBUG:root:Order:2 19 2
DEBUG:root:Order:2 20 2
DEBUG:root:Finish turn

DEBUG:root:Order:13 18 1
DEBUG:root:Order:13 19 1
DEBUG:root:Order:13 20 1
DEBUG:root:Order:13 2 2
DEBUG:root:Order:9 2 1
DEBUG:root:Order:16 2 1
DEBUG:root:Finish turn

DEBUG:root:Order:2 18 2
DEBUG:root:Order:2 19 2
DEBUG:root:Order:2 20 2
DEBUG:root:Order:2 13 1
DEBUG:root:Order:2 17 1
DEBUG:root:Finish turn

DEBUG:root:Order:9 17 1
DEBUG:root:Order:9 18 1
DEBUG:root:Order:9 19 1
DEBUG:root:Order:9 20 1
DEBUG:root:Finish turn

DEBUG:root:Order:2 17 8
DEBUG:root:Order:13 17 8
DEBUG:root:Order:16 17 7
DEBUG:root:Order:9 17 3
DEBUG:root:Order:18 17 3
DEBUG:root:Order:19 17 3
DEBUG:root:Order:20 17 3
DEBUG:root:Finish turn

DEBUG:root:Order:2 17 3
DEBUG:root:Order:13 17 1
DEBUG:root:Order:13 18 2
DEBUG:root:Order:9 18 1
DEBUG:root:Order:16 18 1
DEBUG:root:Finish turn

DEBUG:root:Order:2 17 2
DEBUG:root:Order:2 19 2
DEBUG:root:Order:2 20 2
DEBUG:root:Finish turn

DEBUG:root:Order:13 17 1
DEBUG:root:Order:13 19 1
DEBUG:root:Order:13 20 1
DEBUG:root:Order:13 2 2
DEBUG:root:Order:9 2 1
DEBUG:root:Order:16 2 1
DEBUG:root:Finish turn

DEBUG:root:Order:2 18 11
DEBUG:root:Order:9 18 6
DEBUG:root:Order:16 18 6
DEBUG:root:Order:13 18 4
DEBUG:root:Order:17 18 3
DEBUG:root:Order:19 18 3
DEBUG:root:Order:20 18 3
DEBUG:root:Finish turn

DEBUG:root:Order:2 18 2
DEBUG:root:Order:2 17 1
DEBUG:root:Order:2 19 1
DEBUG:root:Order:2 20 1
DEBUG:root:Finish turn

DEBUG:root:Order:13 17 1
DEBUG:root:Order:13 18 1
DEBUG:root:Order:13 19 1
DEBUG:root:Order:13 20 1
DEBUG:root:Finish turn

DEBUG:root:Order:17 0 63.0
DEBUG:root:Order:2 17 10
DEBUG:root:Order:9 17 9
DEBUG:root:Order:16 17 9
DEBUG:root:Order:13 17 8
DEBUG:root:Order:18 17 5
DEBUG:root:Order:19 17 5
DEBUG:root:Order:20 17 5
DEBUG:root:Finish turn

DEBUG:root:Order:2 17 3
DEBUG:root:Order:13 17 2
DEBUG:root:Order:9 17 1
DEBUG:root:Order:16 17 1
DEBUG:root:Order:16 18 1
DEBUG:root:Finish turn

DEBUG:root:Order:2 17 1
DEBUG:root:Order:2 19 1
DEBUG:root:Order:2 20 1
DEBUG:root:Order:2 18 3
DEBUG:root:Order:13 18 2
DEBUG:root:Order:9 18 1
DEBUG:root:Finish turn

DEBUG:root:Order:18 19 2
DEBUG:root:Order:18 20 2
DEBUG:root:Order:18 2 3
DEBUG:root:Order:13 2 1
DEBUG:root:Finish turn

DEBUG:root:Order:2 18 5
DEBUG:root:Order:2 19 2
DEBUG:root:Order:2 20 2
DEBUG:root:Finish turn

DEBUG:root:Order:13 17 4
DEBUG:root:Order:9 17 2
DEBUG:root:Order:16 17 2
DEBUG:root:Order:16 18 2
DEBUG:root:Finish turn

DEBUG:root:Order:2 20 14
DEBUG:root:Order:13 20 13
DEBUG:root:Order:9 20 12
DEBUG:root:Order:18 20 11
DEBUG:root:Order:16 20 10
DEBUG:root:Order:16 17 10
DEBUG:root:Order:19 17 3
DEBUG:root:Order:19 0 1
DEBUG:root:Finish turn

DEBUG:root:Order:19 18 9
DEBUG:root:Order:2 18 8
DEBUG:root:Order:13 18 7
DEBUG:root:Order:9 18 6
DEBUG:root:Order:0 18 4
DEBUG:root:Order:17 18 2
DEBUG:root:Order:17 16 3
DEBUG:root:Order:20 16 1
DEBUG:root:Finish turn

DEBUG:root:Order:2 17 2
DEBUG:root:Order:13 17 1
DEBUG:root:Order:13 18 1
DEBUG:root:Order:13 19 1
DEBUG:root:Order:13 0 1
DEBUG:root:Finish turn

DEBUG:root:Order:2 17 1
DEBUG:root:Order:2 18 1
DEBUG:root:Order:2 19 1
DEBUG:root:Order:2 13 3
DEBUG:root:Order:9 13 1
DEBUG:root:Order:16 13 1
DEBUG:root:Finish turn

DEBUG:root:Order:13 17 2
DEBUG:root:Order:13 18 2
DEBUG:root:Order:13 19 2
DEBUG:root:Order:13 20 2
DEBUG:root:Finish turn

DEBUG:root:Order:20 11 72.0
DEBUG:root:Order:2 20 10
DEBUG:root:Order:9 20 9
DEBUG:root:Order:16 20 9
DEBUG:root:Order:0 20 7
DEBUG:root:Order:13 20 7
DEBUG:root:Order:17 20 6
DEBUG:root:Order:18 20 6
DEBUG:root:Order:19 20 6
DEBUG:root:Finish turn

DEBUG:root:Order:2 20 3
DEBUG:root:Order:13 20 2
DEBUG:root:Order:9 20 1
DEBUG:root:Order:9 17 1
DEBUG:root:Order:16 17 1
DEBUG:root:Finish turn

DEBUG:root:Order:2 19 9
DEBUG:root:Order:13 19 8
DEBUG:root:Order:16 19 7
DEBUG:root:Order:0 19 6
DEBUG:root:Order:9 19 6
DEBUG:root:Order:17 19 6
DEBUG:root:Order:18 19 4
DEBUG:root:Order:20 19 4
DEBUG:root:Finish turn

DEBUG:root:Order:2 19 3
DEBUG:root:Order:13 19 2
DEBUG:root:Order:13 17 2
DEBUG:root:Order:9 17 1
DEBUG:root:Order:16 17 1
DEBUG:root:Finish turn

DEBUG:root:Order:2 18 2
DEBUG:root:Order:2 19 2
DEBUG:root:Order:2 20 2
DEBUG:root:Order:2 0 2
DEBUG:root:Order:17 0 1
DEBUG:root:Finish turn

DEBUG:root:Order:0 2 2
DEBUG:root:Order:0 18 1
DEBUG:root:Order:0 19 1
DEBUG:root:Order:0 20 1
DEBUG:root:Order:0 17 2
DEBUG:root:Order:9 17 1
DEBUG:root:Order:13 17 1
DEBUG:root:Order:16 17 1
DEBUG:root:Finish turn

DEBUG:root:Order:17 11 16
DEBUG:root:Order:2 11 15
DEBUG:root:Order:13 11 15
DEBUG:root:Order:9 11 14
DEBUG:root:Order:16 11 14
DEBUG:root:Order:18 11 11
DEBUG:root:Order:19 11 11
DEBUG:root:Order:20 11 11
DEBUG:root:Order:0 11 8
DEBUG:root:Finish turn

DEBUG:root:Order:2 11 3
DEBUG:root:Order:13 11 2
DEBUG:root:Order:9 11 1
DEBUG:root:Order:16 11 1
DEBUG:root:Order:16 17 1
DEBUG:root:Finish turn

DEBUG:root:Order:2 11 1
DEBUG:root:Order:2 18 1
DEBUG:root:Order:2 19 1
DEBUG:root:Order:2 20 1
DEBUG:root:Order:2 17 3
DEBUG:root:Order:13 17 2
DEBUG:root:Order:9 17 1
DEBUG:root:Finish turn

DEBUG:root:Order:17 19 7
DEBUG:root:Order:13 19 5
DEBUG:root:Order:9 19 4
DEBUG:root:Order:16 19 4
DEBUG:root:Order:0 19 3
DEBUG:root:Order:2 19 2
DEBUG:root:Order:2 20 2
DEBUG:root:Order:11 20 1
DEBUG:root:Order:18 20 1
DEBUG:root:Finish turn

DEBUG:root:Order:13 20 2
DEBUG:root:Order:2 20 1
DEBUG:root:Order:9 20 1
DEBUG:root:Order:9 19 1
DEBUG:root:Order:9 11 1
DEBUG:root:Order:16 11 1
DEBUG:root:Finish turn

DEBUG:root:Order:18 12 72.0
DEBUG:root:Order:2 18 11
DEBUG:root:Order:13 18 10
DEBUG:root:Order:16 18 9
DEBUG:root:Order:0 18 8
DEBUG:root:Order:9 18 7
DEBUG:root:Order:17 18 6
DEBUG:root:Order:19 18 6
DEBUG:root:Order:20 18 6
DEBUG:root:Finish turn

DEBUG:root:Order:2 18 3
DEBUG:root:Order:13 18 1
DEBUG:root:Order:13 17 1
DEBUG:root:Order:13 19 1
DEBUG:root:Order:13 20 1
DEBUG:root:Finish turn

DEBUG:root:Order:2 17 7
DEBUG:root:Order:9 17 6
DEBUG:root:Bad order:11 1.0 6
DEBUG:root:Order:16 17 6
DEBUG:root:Order:0 17 4
DEBUG:root:Order:13 17 4
DEBUG:root:Order:18 17 3
DEBUG:root:Order:19 17 3
DEBUG:root:Order:20 17 3
DEBUG:root:Finish turn

DEBUG:root:Order:2 17 4
DEBUG:root:Order:13 17 3
DEBUG:root:Order:9 17 2
DEBUG:root:Order:16 17 1
DEBUG:root:Order:16 11 2
DEBUG:root:Order:0 11 1
DEBUG:root:Finish turn

DEBUG:root:Order:2 11 3
DEBUG:root:Order:13 11 2
DEBUG:root:Order:9 11 1
DEBUG:root:Order:9 17 1
DEBUG:root:Order:9 19 1
DEBUG:root:Finish turn

DEBUG:root:Order:2 11 1
DEBUG:root:Order:2 17 1
DEBUG:root:Order:2 20 1
DEBUG:root:Order:2 9 3
DEBUG:root:Order:13 9 2
DEBUG:root:Order:16 9 1
DEBUG:root:Finish turn

DEBUG:root:Order:9 12 18
DEBUG:root:Order:13 12 14
DEBUG:root:Order:16 12 13
DEBUG:root:Order:0 12 12
DEBUG:root:Order:2 12 12
DEBUG:root:Order:11 12 10
DEBUG:root:Order:17 12 10
DEBUG:root:Order:19 12 10
DEBUG:root:Order:20 12 10
DEBUG:root:Finish turn

DEBUG:root:Order:2 12 3
DEBUG:root:Order:13 12 2
DEBUG:root:Order:9 12 1
DEBUG:root:Order:16 12 1
DEBUG:root:Order:16 11 1
DEBUG:root:Finish turn

DEBUG:root:Order:2 20 8
DEBUG:root:Order:13 20 7
DEBUG:root:Order:9 20 6
DEBUG:root:Order:0 20 5
DEBUG:root:Order:16 20 5
DEBUG:root:Order:11 20 4
DEBUG:root:Order:17 20 3
DEBUG:root:Order:19 20 3
DEBUG:root:Finish turn

DEBUG:root:Order:2 11 1
DEBUG:root:Order:2 17 1
DEBUG:root:Order:2 19 1
DEBUG:root:Order:2 20 1
DEBUG:root:Order:2 0 2
DEBUG:root:Order:13 0 1
DEBUG:root:Finish turn

DEBUG:root:Order:0 18 2
DEBUG:root:Order:0 11 1
DEBUG:root:Order:0 17 1
DEBUG:root:Order:0 19 1
DEBUG:root:Order:0 20 1
DEBUG:root:Order:0 2 2
DEBUG:root:Order:13 2 2
DEBUG:root:Order:9 2 1
DEBUG:root:Order:16 2 1
DEBUG:root:Finish turn

DEBUG:root:Order:2 18 10
DEBUG:root:Order:13 18 4
DEBUG:root:Order:9 18 3
DEBUG:root:Order:16 18 3
DEBUG:root:Finish turn

DEBUG:root:Order:19 21 74.0
DEBUG:root:Bad order:12 4.0 59
DEBUG:root:Order:2 19 15
DEBUG:root:Order:13 19 14
DEBUG:root:Order:9 19 13
DEBUG:root:Order:16 19 13
DEBUG:root:Order:11 19 7
DEBUG:root:Order:11 0 11
DEBUG:root:Order:20 0 11
DEBUG:root:Order:18 0 7
DEBUG:root:Finish turn

DEBUG:root:Bad order:12 5.0 34
DEBUG:root:Bad order:12 5.0 17
DEBUG:root:Bad order:12 5.0 7
DEBUG:root:Order:12 19 1
DEBUG:root:Bad order:12 4.0 50
DEBUG:root:Order:2 18 3
DEBUG:root:Order:13 18 2
DEBUG:root:Order:9 18 1
DEBUG:root:Order:16 18 1
DEBUG:root:Finish turn

DEBUG:root:Bad order:12 5.0 35
DEBUG:root:Bad order:12 5.0 17
DEBUG:root:Bad order:12 5.0 8
DEBUG:root:Order:12 19 1
DEBUG:root:Order:12 20 1
DEBUG:root:Finish turn

DEBUG:root:Bad order:12 6.0 34
DEBUG:root:Bad order:12 6.0 20
DEBUG:root:Bad order:12 6.0 15
DEBUG:root:Bad order:12 6.0 7
DEBUG:root:Finish turn

DEBUG:root:Bad order:12 7.0 39
DEBUG:root:Order:2 11 16
DEBUG:root:Order:13 11 13
DEBUG:root:Order:9 11 10
DEBUG:root:Order:16 11 10
DEBUG:root:Order:16 17 10
DEBUG:root:Order:18 17 10
DEBUG:root:Order:19 17 4
DEBUG:root:Finish turn

DEBUG:root:Order:12 20 17
DEBUG:root:Bad order:12 1.0 10
DEBUG:root:Bad order:12 1.0 8
DEBUG:root:Bad order:12 1.0 7
DEBUG:root:Order:12 11 1
DEBUG:root:Bad order:12 0.0 38
DEBUG:root:Order:2 18 3
DEBUG:root:Order:13 18 2
DEBUG:root:Order:9 18 1
DEBUG:root:Finish turn

DEBUG:root:Order:12 0 21
DEBUG:root:Order:18 0 6
DEBUG:root:Order:2 0 2
DEBUG:root:Order:2 17 5
DEBUG:root:Order:13 17 1
DEBUG:root:Order:13 16 4
DEBUG:root:Order:9 16 1
DEBUG:root:Finish turn

DEBUG:root:Order:19 17 3
DEBUG:root:Order:19 0 2
DEBUG:root:Order:19 11 2
DEBUG:root:Order:19 12 2
DEBUG:root:Bad order:19 0.0 2
DEBUG:root:Bad order:19 0.0 2
DEBUG:root:Bad order:19 0.0 1
DEBUG:root:Bad order:19 0.0 14
DEBUG:root:Order:9 2 1
DEBUG:root:Finish turn

DEBUG:root:Order:2 19 5
DEBUG:root:Order:9 19 3
DEBUG:root:Order:13 19 3
DEBUG:root:Order:0 19 1
DEBUG:root:Order:16 19 1
DEBUG:root:Finish turn

DEBUG:root:Order:2 12 5
DEBUG:root:Order:13 12 4
DEBUG:root:Order:9 12 3
DEBUG:root:Order:16 12 3
DEBUG:root:Order:0 12 2
DEBUG:root:Order:0 18 2
DEBUG:root:Order:11 18 1
DEBUG:root:Order:17 18 1
DEBUG:root:Finish turn

DEBUG:root:Order:2 0 1
DEBUG:root:Order:2 12 1
DEBUG:root:Order:2 19 1
DEBUG:root:Order:2 20 1
DEBUG:root:Order:2 11 3
DEBUG:root:Order:13 11 2
DEBUG:root:Order:18 11 2
DEBUG:root:Order:9 11 1
DEBUG:root:Order:16 11 1
DEBUG:root:Finish turn

DEBUG:root:Order:11 0 11
DEBUG:root:Order:13 0 6
DEBUG:root:Order:9 0 5
DEBUG:root:Order:16 0 5
DEBUG:root:Order:2 0 3
DEBUG:root:Order:18 0 3
DEBUG:root:Order:12 0 2
DEBUG:root:Order:17 0 2
DEBUG:root:Order:19 0 2
DEBUG:root:Order:20 0 2
DEBUG:root:Finish turn

DEBUG:root:Order:2 21 16
DEBUG:root:Order:13 21 15
DEBUG:root:Order:9 21 14
DEBUG:root:Order:16 21 14
DEBUG:root:Order:11 21 12
DEBUG:root:Order:17 21 12
DEBUG:root:Order:18 21 12
DEBUG:root:Order:19 21 12
DEBUG:root:Order:19 12 12
DEBUG:root:Order:20 12 12
DEBUG:root:Finish turn

DEBUG:root:Order:0 19 7
DEBUG:root:Order:2 19 3
DEBUG:root:Order:13 19 2
DEBUG:root:Order:13 12 1
DEBUG:root:Order:13 11 2
DEBUG:root:Order:9 11 1
DEBUG:root:Order:16 11 1
DEBUG:root:Finish turn

DEBUG:root:Order:2 12 1
DEBUG:root:Order:2 17 1
DEBUG:root:Order:2 18 1
DEBUG:root:Order:2 19 1
DEBUG:root:Order:2 20 1
DEBUG:root:Order:2 13 3
DEBUG:root:Order:11 13 2
DEBUG:root:Order:9 13 1
DEBUG:root:Order:16 13 1
DEBUG:root:Finish turn

DEBUG:root:Order:13 17 13
DEBUG:root:Order:9 17 6
DEBUG:root:Order:16 17 5
DEBUG:root:Order:16 18 6
DEBUG:root:Order:0 18 5
DEBUG:root:Order:11 18 4
DEBUG:root:Order:2 18 3
DEBUG:root:Order:12 18 3
DEBUG:root:Order:19 18 2
DEBUG:root:Finish turn

DEBUG:root:Order:2 16 3
DEBUG:root:Order:2 17 1
DEBUG:root:Order:2 18 1
DEBUG:root:Order:2 11 3
DEBUG:root:Order:13 11 2
DEBUG:root:Order:20 11 2
DEBUG:root:Order:9 11 1
DEBUG:root:Finish turn

DEBUG:root:Order:13 16 9
DEBUG:root:Order:9 16 8
DEBUG:root:Order:0 16 7
DEBUG:root:Order:19 16 6
DEBUG:root:Order:20 16 6
DEBUG:root:Order:2 16 5
DEBUG:root:Order:12 16 3
DEBUG:root:Order:12 11 5
DEBUG:root:Order:17 11 5
DEBUG:root:Order:18 11 5
DEBUG:root:Finish turn

DEBUG:root:Order:21 11 9
DEBUG:root:Bad order:21 0.0 9
DEBUG:root:Bad order:21 0.0 6
DEBUG:root:Bad order:21 0.0 6
DEBUG:root:Bad order:21 0.0 6
DEBUG:root:Bad order:21 0.0 6
DEBUG:root:Bad order:21 0.0 5
DEBUG:root:Bad order:21 0.0 5
DEBUG:root:Bad order:21 0.0 4
DEBUG:root:Bad order:21 0.0 3
DEBUG:root:Bad order:21 0.0 2
DEBUG:root:Finish turn

DEBUG:root:Bad order:21 2.0 10
DEBUG:root:Bad order:21 2.0 7
DEBUG:root:Bad order:21 2.0 7
DEBUG:root:Bad order:21 2.0 7
DEBUG:root:Bad order:21 2.0 7
DEBUG:root:Bad order:21 2.0 5
DEBUG:root:Bad order:21 2.0 4
DEBUG:root:Bad order:21 2.0 3
DEBUG:root:Order:21 11 1
DEBUG:root:Order:21 13 1
DEBUG:root:Finish turn

DEBUG:root:Bad order:21 2.0 30
DEBUG:root:Order:2 19 9
DEBUG:root:Order:13 19 7
DEBUG:root:Order:11 19 4
DEBUG:root:Order:9 19 3
DEBUG:root:Order:16 19 2
DEBUG:root:Finish turn

DEBUG:root:Order:0 7 75.0
DEBUG:root:Bad order:21 4.0 36
DEBUG:root:Order:2 0 9
DEBUG:root:Order:13 0 8
DEBUG:root:Order:9 0 7
DEBUG:root:Order:16 0 7
DEBUG:root:Order:11 0 5
DEBUG:root:Order:17 0 2
DEBUG:root:Order:18 0 2
DEBUG:root:Order:20 0 2
DEBUG:root:Finish turn

DEBUG:root:Bad order:21 18.0 26
DEBUG:root:Order:21 12 7
DEBUG:root:Order:21 19 7
DEBUG:root:Bad order:21 4.0 36
DEBUG:root:Order:2 11 3
DEBUG:root:Order:13 11 2
DEBUG:root:Order:9 11 1
DEBUG:root:Order:16 11 1
DEBUG:root:Finish turn

DEBUG:root:Bad order:21 6.0 28
DEBUG:root:Order:11 12 11
DEBUG:root:Order:2 12 9
DEBUG:root:Order:13 12 8
DEBUG:root:Order:9 12 2
DEBUG:root:Order:9 18 7
DEBUG:root:Order:17 18 4
DEBUG:root:Order:19 18 4
DEBUG:root:Order:20 18 4
DEBUG:root:Finish turn

DEBUG:root:Bad order:21 20.0 21
DEBUG:root:Order:21 18 6
DEBUG:root:Order:21 9 1
DEBUG:root:Order:21 11 1
DEBUG:root:Order:21 12 1
DEBUG:root:Order:21 17 1
DEBUG:root:Order:21 19 1
DEBUG:root:Order:21 20 1
DEBUG:root:Finish turn

DEBUG:root:Order:21 0 16
DEBUG:root:Order:2 0 5
DEBUG:root:Order:2 11 1
DEBUG:root:Order:2 12 1
DEBUG:root:Order:2 17 1
DEBUG:root:Order:2 18 1
DEBUG:root:Order:2 19 1
DEBUG:root:Order:2 20 1
DEBUG:root:Finish turn

DEBUG:root:Order:13 17 10
DEBUG:root:Order:9 17 6
DEBUG:root:Order:0 17 4
DEBUG:root:Order:21 17 4
DEBUG:root:Order:11 17 3
DEBUG:root:Order:12 17 3
DEBUG:root:Order:18 17 3
DEBUG:root:Order:19 17 3
DEBUG:root:Order:20 17 3
DEBUG:root:Order:2 17 2
DEBUG:root:Finish turn

DEBUG:root:Order:2 16 4
DEBUG:root:Order:13 16 3
DEBUG:root:Order:13 17 3
DEBUG:root:Order:9 17 2
DEBUG:root:Order:21 17 1
DEBUG:root:Finish turn

DEBUG:root:Order:2 17 1
DEBUG:root:Order:2 11 3
DEBUG:root:Order:9 11 1
DEBUG:root:Finish turn

DEBUG:root:Order:2 12 1
DEBUG:root:Order:2 17 1
DEBUG:root:Order:2 18 1
DEBUG:root:Order:2 19 1
DEBUG:root:Order:2 20 1
DEBUG:root:Finish turn

DEBUG:root:Order:13 7 12
DEBUG:root:Order:9 7 11
DEBUG:root:Order:16 7 11
DEBUG:root:Order:11 7 10
DEBUG:root:Order:2 7 9
DEBUG:root:Order:21 7 9
DEBUG:root:Order:12 7 7
DEBUG:root:Order:17 7 7
DEBUG:root:Order:18 7 7
DEBUG:root:Order:19 7 7
DEBUG:root:Order:20 7 7
DEBUG:root:Finish turn

DEBUG:root:Order:2 7 3
DEBUG:root:Order:13 7 2
DEBUG:root:Order:9 7 1
DEBUG:root:Order:16 7 1
DEBUG:root:Finish turn

DEBUG:root:Order:2 19 11
DEBUG:root:Order:13 19 10
DEBUG:root:Order:9 19 4
DEBUG:root:Order:9 21 9
DEBUG:root:Order:16 21 9
DEBUG:root:Order:7 21 5
DEBUG:root:Bad order:7 2.0 7
DEBUG:root:Order:12 11 6
DEBUG:root:Order:17 11 6
DEBUG:root:Order:18 11 6
DEBUG:root:Order:20 11 3
DEBUG:root:Finish turn

DEBUG:root:Order:2 18 4
DEBUG:root:Order:7 18 4
DEBUG:root:Order:13 18 3
DEBUG:root:Order:20 18 3
DEBUG:root:Order:16 18 2
DEBUG:root:Finish turn

DEBUG:root:Order:2 16 9
DEBUG:root:Order:13 16 8
DEBUG:root:Bad order:7 4.0 7
DEBUG:root:Order:21 16 6
DEBUG:root:Order:9 16 5
DEBUG:root:Order:12 16 5
DEBUG:root:Order:17 16 5
DEBUG:root:Order:20 16 5
DEBUG:root:Order:11 16 4
DEBUG:root:Order:19 16 4
DEBUG:root:Finish turn

DEBUG:root:Order:7 0 9
DEBUG:root:Order:2 0 4
DEBUG:root:Order:13 0 3
DEBUG:root:Order:13 16 3
DEBUG:root:Order:9 16 2
DEBUG:root:Order:21 16 1
DEBUG:root:Finish turn

DEBUG:root:Order:2 16 3
DEBUG:root:Order:2 0 3
DEBUG:root:Order:7 0 1
DEBUG:root:Order:9 0 1
DEBUG:root:Finish turn

DEBUG:root:Order:17 8 75.0
DEBUG:root:Order:0 17 11
DEBUG:root:Order:7 17 8
DEBUG:root:Order:9 17 8
DEBUG:root:Order:13 17 8
DEBUG:root:Order:2 17 7
DEBUG:root:Order:16 17 7
DEBUG:root:Order:21 17 7
DEBUG:root:Order:11 17 5
DEBUG:root:Order:12 17 5
DEBUG:root:Order:19 17 3
DEBUG:root:Order:19 18 5
DEBUG:root:Order:20 18 2
DEBUG:root:Finish turn

DEBUG:root:Order:2 12 4
DEBUG:root:Order:13 12 3
DEBUG:root:Order:20 12 3
DEBUG:root:Order:7 12 2
DEBUG:root:Order:9 12 2
DEBUG:root:Order:16 12 2
DEBUG:root:Order:0 12 1
DEBUG:root:Order:21 12 1
DEBUG:root:Order:21 19 1
DEBUG:root:Finish turn

DEBUG:root:Order:2 19 2
DEBUG:root:Order:2 12 1
DEBUG:root:Order:2 17 1
DEBUG:root:Order:2 18 1
DEBUG:root:Order:2 11 3
DEBUG:root:Order:13 11 2
DEBUG:root:Order:9 11 1
DEBUG:root:Order:16 11 1
DEBUG:root:Finish turn

DEBUG:root:Order:11 20 8
DEBUG:root:Order:13 20 5
DEBUG:root:Order:9 20 4
DEBUG:root:Order:16 20 4
DEBUG:root:Order:0 20 3
DEBUG:root:Order:21 20 2
DEBUG:root:Order:2 20 1
DEBUG:root:Order:12 20 1
DEBUG:root:Order:17 20 1
DEBUG:root:Order:18 20 1
DEBUG:root:Order:19 20 1
DEBUG:root:Finish turn

DEBUG:root:Order:2 0 6
DEBUG:root:Order:13 0 5
DEBUG:root:Order:9 0 4
DEBUG:root:Order:16 0 4
DEBUG:root:Order:21 0 3
DEBUG:root:Order:11 0 2
DEBUG:root:Order:12 0 2
DEBUG:root:Order:17 0 2
DEBUG:root:Order:18 0 2
DEBUG:root:Order:19 0 2
DEBUG:root:Order:20 0 2
DEBUG:root:Finish turn

DEBUG:root:Order:2 0 1
DEBUG:root:Order:2 11 3
DEBUG:root:Order:13 11 2
DEBUG:root:Order:9 11 1
DEBUG:root:Order:16 11 1
DEBUG:root:Finish turn

DEBUG:root:Order:11 8 7
DEBUG:root:Order:2 8 4
DEBUG:root:Order:13 8 4
DEBUG:root:Order:9 8 3
DEBUG:root:Order:16 8 3
DEBUG:root:Order:21 8 2
DEBUG:root:Order:0 8 1
DEBUG:root:Finish turn

DEBUG:root:Order:2 8 4
DEBUG:root:Order:13 8 3
DEBUG:root:Order:9 8 2
DEBUG:root:Order:16 8 2
DEBUG:root:Order:0 8 1
DEBUG:root:Order:21 8 1
DEBUG:root:Finish turn

DEBUG:root:Order:2 8 3
DEBUG:root:Order:13 8 2
DEBUG:root:Order:13 11 2
DEBUG:root:Order:9 11 1
DEBUG:root:Order:16 11 1
DEBUG:root:Finish turn

DEBUG:root:Order:2 18 7
DEBUG:root:Order:11 18 6
DEBUG:root:Order:9 18 5
DEBUG:root:Order:16 18 5
DEBUG:root:Order:0 18 4
DEBUG:root:Order:8 18 4
DEBUG:root:Order:13 18 3
DEBUG:root:Order:13 12 4
DEBUG:root:Order:21 12 4
DEBUG:root:Order:19 12 2
DEBUG:root:Order:20 12 2
DEBUG:root:Finish turn

DEBUG:root:Order:2 20 6
DEBUG:root:Order:8 20 4
DEBUG:root:Order:9 20 4
DEBUG:root:Order:16 20 4
DEBUG:root:Order:0 20 3
DEBUG:root:Order:21 20 3
DEBUG:root:Order:11 20 2
DEBUG:root:Order:13 20 2
DEBUG:root:Order:19 20 2
DEBUG:root:Order:12 20 1
DEBUG:root:Order:18 20 1
DEBUG:root:Finish turn

DEBUG:root:Order:2 21 10
DEBUG:root:Order:13 21 9
DEBUG:root:Order:8 21 8
DEBUG:root:Order:9 21 8
DEBUG:root:Order:16 21 8
DEBUG:root:Order:0 21 7
DEBUG:root:Order:11 21 6
DEBUG:root:Bad order:12 1.0 6
DEBUG:root:Order:18 21 6
DEBUG:root:Order:19 21 1
DEBUG:root:Order:19 17 6
DEBUG:root:Order:20 17 4
DEBUG:root:Finish turn

DEBUG:root:Order:2 11 7
DEBUG:root:Order:13 11 6
DEBUG:root:Order:9 11 5
DEBUG:root:Order:16 11 5
DEBUG:root:Order:0 11 4
DEBUG:root:Order:18 11 3
DEBUG:root:Order:20 11 3
DEBUG:root:Order:20 12 3
DEBUG:root:Order:20 17 3
DEBUG:root:Finish turn

DEBUG:root:Order:2 20 3
DEBUG:root:Order:21 20 3
DEBUG:root:Order:21 11 1
DEBUG:root:Order:21 12 1
DEBUG:root:Order:21 17 1
DEBUG:root:Order:21 18 3
DEBUG:root:Order:13 18 2
DEBUG:root:Order:9 18 1
DEBUG:root:Order:16 18 1
DEBUG:root:Order:19 18 1
DEBUG:root:Finish turn

DEBUG:root:Order:18 21 5
DEBUG:root:Order:18 11 1
DEBUG:root:Order:18 12 1
DEBUG:root:Order:18 17 1
DEBUG:root:Order:18 20 1
DEBUG:root:Order:18 19 6
DEBUG:root:Order:2 19 3
DEBUG:root:Order:13 19 2
DEBUG:root:Order:9 19 1
DEBUG:root:Order:16 19 1
DEBUG:root:Finish turn

DEBUG:root:Order:19 18 9
DEBUG:root:Order:19 11 1
DEBUG:root:Order:19 12 1
DEBUG:root:Order:19 17 1
DEBUG:root:Order:19 20 1
DEBUG:root:Order:19 21 11
DEBUG:root:Order:2 21 3
DEBUG:root:Order:13 21 2
DEBUG:root:Order:9 21 1
DEBUG:root:Order:16 21 1
DEBUG:root:Finish turn

DEBUG:root:Order:21 19 14
DEBUG:root:Order:21 11 2
DEBUG:root:Bad order:21 0.0 2
DEBUG:root:Bad order:21 0.0 2
DEBUG:root:Bad order:21 0.0 2
DEBUG:root:Bad order:21 0.0 2
DEBUG:root:Finish turn

DEBUG:root:Order:2 8 7
DEBUG:root:Order:13 8 4
DEBUG:root:Order:13 19 5
DEBUG:root:Order:9 19 1
DEBUG:root:Order:9 12 1
DEBUG:root:Order:9 17 1
DEBUG:root:Order:9 18 1
DEBUG:root:Order:9 20 1
DEBUG:root:Finish turn

DEBUG:root:Order:16 8 5
DEBUG:root:Order:2 8 4
DEBUG:root:Order:21 8 3
DEBUG:root:Order:0 8 2
DEBUG:root:Finish turn

DEBUG:root:Order:2 8 3
DEBUG:root:Order:2 12 1
DEBUG:root:Order:2 17 1
DEBUG:root:Order:2 18 1
DEBUG:root:Order:2 19 1
DEBUG:root:Order:2 20 1
DEBUG:root:Order:2 11 3
DEBUG:root:Order:9 11 1
DEBUG:root:Order:13 11 1
DEBUG:root:Order:16 11 1
DEBUG:root:Finish turn

DEBUG:root:Order:11 2 4
DEBUG:root:Order:11 12 1
DEBUG:root:Order:11 17 1
DEBUG:root:Order:11 18 1
DEBUG:root:Order:11 19 1
DEBUG:root:Order:11 20 1
DEBUG:root:Finish turn

DEBUG:root:Order:13 11 4
DEBUG:root:Order:2 11 1
DEBUG:root:Order:2 12 1
DEBUG:root:Order:2 17 1
DEBUG:root:Order:2 18 1
DEBUG:root:Order:2 19 1
DEBUG:root:Order:2 20 1
DEBUG:root:Finish turn

DEBUG:root:Order:9 19 4
DEBUG:root:Order:16 19 4
DEBUG:root:Order:8 19 3
DEBUG:root:Order:13 19 3
DEBUG:root:Order:0 19 1
DEBUG:root:Order:21 19 1
DEBUG:root:Order:21 11 1
DEBUG:root:Finish turn

DEBUG:root:Order:2 12 5
DEBUG:root:Order:13 12 4
DEBUG:root:Order:8 12 3
DEBUG:root:Order:9 12 3
DEBUG:root:Order:16 12 3
DEBUG:root:Order:0 12 2
DEBUG:root:Order:11 12 1
DEBUG:root:Order:21 12 1
DEBUG:root:Finish turn

DEBUG:root:Order:2 8 6
DEBUG:root:Order:13 8 5
DEBUG:root:Order:9 8 4
DEBUG:root:Order:16 8 4
DEBUG:root:Order:0 8 3
DEBUG:root:Order:21 8 3
DEBUG:root:Order:11 8 2
DEBUG:root:Order:17 8 1
DEBUG:root:Order:17 12 2
DEBUG:root:Order:18 12 2
DEBUG:root:Order:19 12 2
DEBUG:root:Finish turn

DEBUG:root:Order:2 17 2
DEBUG:root:Order:2 11 1
DEBUG:root:Order:2 18 1
DEBUG:root:Order:2 19 1
DEBUG:root:Order:2 0 2
DEBUG:root:Order:13 0 1
DEBUG:root:Finish turn

DEBUG:root:Order:13 0 11
DEBUG:root:Order:9 0 10
DEBUG:root:Order:16 0 10
DEBUG:root:Order:8 0 9
DEBUG:root:Order:20 0 8
DEBUG:root:Order:21 0 1
DEBUG:root:Order:21 17 8
DEBUG:root:Order:2 17 7
DEBUG:root:Order:11 17 7
DEBUG:root:Order:18 17 7
DEBUG:root:Order:19 17 7
DEBUG:root:Bad order:12 2.0 3
DEBUG:root:Finish turn

DEBUG:root:Order:2 17 4
DEBUG:root:Order:13 17 3
DEBUG:root:Order:8 17 1
DEBUG:root:Order:8 12 2
DEBUG:root:Order:9 12 2
DEBUG:root:Order:16 12 1
DEBUG:root:Finish turn

DEBUG:root:Order:2 11 5
DEBUG:root:Order:13 11 4
DEBUG:root:Order:16 11 4
DEBUG:root:Order:9 11 3
DEBUG:root:Order:0 11 2
DEBUG:root:Order:8 11 2
DEBUG:root:Order:21 11 2
DEBUG:root:Order:12 11 1
DEBUG:root:Order:17 11 1
DEBUG:root:Order:18 11 1
DEBUG:root:Order:19 11 1
DEBUG:root:Order:20 11 1
DEBUG:root:Finish turn

DEBUG:root:Order:2 18 6
DEBUG:root:Order:13 18 5
DEBUG:root:Order:9 18 4
DEBUG:root:Order:16 18 4
DEBUG:root:Order:0 18 3
DEBUG:root:Order:21 18 3
DEBUG:root:Order:12 18 2
DEBUG:root:Order:17 18 2
DEBUG:root:Order:19 18 2
DEBUG:root:Order:20 18 2
DEBUG:root:Finish turn

DEBUG:root:Order:2 20 6
DEBUG:root:Order:13 20 5
DEBUG:root:Order:9 20 4
DEBUG:root:Order:16 20 4
DEBUG:root:Order:0 20 3
DEBUG:root:Order:21 20 3
DEBUG:root:Order:11 20 2
DEBUG:root:Order:12 20 2
DEBUG:root:Order:17 20 2
DEBUG:root:Order:19 20 1
DEBUG:root:Order:19 18 2
DEBUG:root:Finish turn

DEBUG:root:Order:21 5 86.0
DEBUG:root:Order:2 21 10
DEBUG:root:Order:13 21 9
DEBUG:root:Order:9 21 8
DEBUG:root:Order:16 21 8
DEBUG:root:Order:0 21 7
DEBUG:root:Order:11 21 6
DEBUG:root:Bad order:12 2.0 6
DEBUG:root:Order:17 21 6
DEBUG:root:Order:19 21 5
DEBUG:root:Order:20 21 5
DEBUG:root:Finish turn

DEBUG:root:Order:2 21 4
DEBUG:root:Order:13 21 3
DEBUG:root:Order:9 21 2
DEBUG:root:Order:16 21 2
DEBUG:root:Order:0 21 1
DEBUG:root:Finish turn

DEBUG:root:Order:2 8 4
DEBUG:root:Order:13 8 3
DEBUG:root:Order:9 8 2
DEBUG:root:Order:16 8 2
DEBUG:root:Order:0 8 1
DEBUG:root:Finish turn

DEBUG:root:Order:2 8 3
DEBUG:root:Order:13 8 2
DEBUG:root:Order:9 8 1
DEBUG:root:Order:9 18 1
DEBUG:root:Order:9 11 1
DEBUG:root:Order:16 11 1
DEBUG:root:Finish turn

DEBUG:root:Order:2 12 3
DEBUG:root:Order:13 12 2
DEBUG:root:Order:16 12 1
DEBUG:root:Finish turn

DEBUG:root:Order:2 20 4
DEBUG:root:Order:13 20 1
DEBUG:root:Order:13 12 2
DEBUG:root:Order:13 17 1
DEBUG:root:Order:13 18 1
DEBUG:root:Order:13 19 1
DEBUG:root:Finish turn

DEBUG:root:Order:2 0 11
DEBUG:root:Order:8 0 11
DEBUG:root:Order:16 0 11
DEBUG:root:Order:9 0 5
DEBUG:root:Order:9 19 10
DEBUG:root:Order:11 19 7
DEBUG:root:Order:13 19 7
DEBUG:root:Order:12 19 6
DEBUG:root:Order:17 19 5
DEBUG:root:Order:17 20 5
DEBUG:root:Finish turn

DEBUG:root:Order:18 12 6
DEBUG:root:Order:2 12 4
DEBUG:root:Order:13 12 3
DEBUG:root:Order:8 12 2
DEBUG:root:Order:16 12 2
DEBUG:root:Finish turn

DEBUG:root:Order:2 17 3
DEBUG:root:Order:13 17 1
DEBUG:root:Order:13 12 2
DEBUG:root:Order:13 9 1
DEBUG:root:Order:13 19 1
DEBUG:root:Order:13 20 1
DEBUG:root:Order:13 11 2
DEBUG:root:Order:8 11 1
DEBUG:root:Order:16 11 1
DEBUG:root:Finish turn

DEBUG:root:Order:2 13 3
DEBUG:root:Order:2 12 1
DEBUG:root:Order:2 17 1
DEBUG:root:Order:2 18 1
DEBUG:root:Order:2 19 1
DEBUG:root:Order:2 20 1
DEBUG:root:Finish turn

DEBUG:root:Order:8 2 1
DEBUG:root:Order:8 12 1
DEBUG:root:Order:8 17 1
DEBUG:root:Order:8 18 1
DEBUG:root:Order:8 19 1
DEBUG:root:Order:8 20 1
DEBUG:root:Finish turn

DEBUG:root:Order:13 8 2
DEBUG:root:Order:13 12 1
DEBUG:root:Order:13 17 1
DEBUG:root:Order:13 18 1
DEBUG:root:Order:13 19 1
DEBUG:root:Order:13 20 1
DEBUG:root:Finish turn

DEBUG:root:Order:2 12 5
DEBUG:root:Order:16 12 4
DEBUG:root:Order:9 12 1
DEBUG:root:Order:9 13 1
DEBUG:root:Order:9 17 1
DEBUG:root:Order:9 18 1
DEBUG:root:Order:9 19 1
DEBUG:root:Order:9 20 1
DEBUG:root:Order:9 11 3
DEBUG:root:Finish turn

DEBUG:root:Order:2 20 6
DEBUG:root:Order:8 20 4
DEBUG:root:Order:11 20 4
DEBUG:root:Order:13 20 4
DEBUG:root:Order:16 20 4
DEBUG:root:Order:0 20 3
DEBUG:root:Order:12 20 1
DEBUG:root:Order:17 20 1
DEBUG:root:Order:18 20 1
DEBUG:root:Order:18 9 1
DEBUG:root:Finish turn

DEBUG:root:Order:2 17 6
DEBUG:root:Order:13 17 5
DEBUG:root:Order:8 17 4
DEBUG:root:Order:16 17 4
DEBUG:root:Order:0 17 3
DEBUG:root:Order:9 17 3
DEBUG:root:Order:19 17 3
DEBUG:root:Order:11 17 2
DEBUG:root:Order:12 17 2
DEBUG:root:Order:18 17 1
DEBUG:root:Order:20 17 1
DEBUG:root:Finish turn

DEBUG:root:Order:2 12 3
DEBUG:root:Order:13 12 2
DEBUG:root:Order:8 12 1
DEBUG:root:Order:9 12 1
DEBUG:root:Order:16 12 1
DEBUG:root:Order:16 17 1
DEBUG:root:Finish turn

DEBUG:root:Order:2 17 3
DEBUG:root:Order:13 17 1
DEBUG:root:Order:13 11 1
DEBUG:root:Order:13 12 1
DEBUG:root:Order:13 18 1
DEBUG:root:Order:13 19 1
DEBUG:root:Order:13 20 1
DEBUG:root:Finish turn

DEBUG:root:Order:0 6 86.0
DEBUG:root:Order:2 0 18
DEBUG:root:Order:8 0 17
DEBUG:root:Order:9 0 17
DEBUG:root:Order:16 0 16
DEBUG:root:Bad order:12 1.0 2
DEBUG:root:Bad order:12 1.0 13
DEBUG:root:Order:13 11 13
DEBUG:root:Order:17 11 13
DEBUG:root:Order:18 11 6
DEBUG:root:Order:18 19 13
DEBUG:root:Order:20 19 13
DEBUG:root:Finish turn

DEBUG:root:Bad order:12 4.0 9
DEBUG:root:Order:2 18 7
DEBUG:root:Order:13 18 6
DEBUG:root:Order:8 18 5
DEBUG:root:Order:9 18 5
DEBUG:root:Order:16 18 5
DEBUG:root:Order:17 18 3
DEBUG:root:Order:20 18 3
DEBUG:root:Order:11 18 2
DEBUG:root:Finish turn

DEBUG:root:Bad order:12 6.0 8
DEBUG:root:Order:2 18 3
DEBUG:root:Order:13 18 2
DEBUG:root:Order:8 18 1
DEBUG:root:Order:9 18 1
DEBUG:root:Order:16 18 1
DEBUG:root:Finish turn

DEBUG:root:Order:12 19 6
DEBUG:root:Order:12 18 3
DEBUG:root:Order:12 11 2
DEBUG:root:Order:12 17 2
DEBUG:root:Bad order:12 1.0 2
DEBUG:root:Finish turn

DEBUG:root:Order:2 12 5
DEBUG:root:Order:13 12 2
DEBUG:root:Order:13 20 3
DEBUG:root:Order:13 11 1
DEBUG:root:Order:13 17 1
DEBUG:root:Order:13 18 1
DEBUG:root:Order:13 19 1
DEBUG:root:Finish turn

DEBUG:root:Order:2 5 13
DEBUG:root:Order:8 5 12
DEBUG:root:Order:9 5 12
DEBUG:root:Order:16 5 12
DEBUG:root:Order:11 5 8
DEBUG:root:Bad order:12 0.0 8
DEBUG:root:Order:17 5 8
DEBUG:root:Order:18 5 8
DEBUG:root:Order:19 5 8
DEBUG:root:Order:20 5 8
DEBUG:root:Order:13 5 6
DEBUG:root:Finish turn

DEBUG:root:Order:2 5 3
DEBUG:root:Order:13 5 2
DEBUG:root:Order:8 5 1
DEBUG:root:Order:9 5 1
DEBUG:root:Order:16 5 1
DEBUG:root:Finish turn

DEBUG:root:Order:2 17 5
DEBUG:root:Order:13 17 4
DEBUG:root:Order:8 17 3
DEBUG:root:Order:9 17 3
DEBUG:root:Order:16 17 3
DEBUG:root:Order:5 17 2
DEBUG:root:Finish turn

DEBUG:root:Order:2 6 5
DEBUG:root:Order:13 6 4
DEBUG:root:Order:8 6 3
DEBUG:root:Order:9 6 3
DEBUG:root:Order:16 6 3
DEBUG:root:Order:11 6 1
DEBUG:root:Order:18 6 1
DEBUG:root:Order:19 6 1
DEBUG:root:Order:20 6 1
DEBUG:root:Finish turn

DEBUG:root:Order:2 17 2
DEBUG:root:Order:2 11 1
DEBUG:root:Order:2 12 1
DEBUG:root:Order:2 18 1
DEBUG:root:Order:2 19 1
DEBUG:root:Order:2 20 1
DEBUG:root:Order:2 6 2
DEBUG:root:Order:13 6 1
DEBUG:root:Finish turn

DEBUG:root:Order:6 11 7
DEBUG:root:Order:13 11 3
DEBUG:root:Order:13 0 4
DEBUG:root:Order:8 0 3
DEBUG:root:Order:9 0 2
DEBUG:root:Order:9 2 1
DEBUG:root:Finish turn

DEBUG:root:Bad order:18 2.0 11
DEBUG:root:Order:16 0 4
DEBUG:root:Order:6 0 3
DEBUG:root:Order:2 0 2
DEBUG:root:Order:8 0 1
DEBUG:root:Order:9 0 1
DEBUG:root:Finish turn

DEBUG:root:Order:2 0 3
DEBUG:root:Order:2 11 2
DEBUG:root:Order:2 18 2
DEBUG:root:Order:2 12 1
DEBUG:root:Order:2 17 1
DEBUG:root:Order:2 19 1
DEBUG:root:Order:2 20 1
DEBUG:root:Finish turn

DEBUG:root:Order:6 2 4
DEBUG:root:Order:6 11 1
DEBUG:root:Order:6 12 1
DEBUG:root:Order:6 17 1
DEBUG:root:Order:6 18 1
DEBUG:root:Order:6 19 1
DEBUG:root:Order:6 20 1
DEBUG:root:Order:6 0 6
DEBUG:root:Order:13 0 3
DEBUG:root:Order:8 0 2
DEBUG:root:Order:9 0 2
DEBUG:root:Order:16 0 2
DEBUG:root:Finish turn

DEBUG:root:Order:0 6 7
DEBUG:root:Order:0 11 2
DEBUG:root:Order:0 12 2
DEBUG:root:Order:0 17 2
DEBUG:root:Order:0 18 2
DEBUG:root:Order:0 19 2
DEBUG:root:Order:0 20 2
DEBUG:root:Finish turn

DEBUG:root:Order:2 6 13
DEBUG:root:Order:13 6 12
DEBUG:root:Order:8 6 10
DEBUG:root:Order:9 6 10
DEBUG:root:Order:16 6 10
DEBUG:root:Order:11 6 7
DEBUG:root:Order:17 6 7
DEBUG:root:Order:18 6 4
DEBUG:root:Order:18 12 7
DEBUG:root:Order:19 12 7
DEBUG:root:Order:20 12 7
DEBUG:root:Order:0 12 3
DEBUG:root:Finish turn

DEBUG:root:Order:2 20 13
DEBUG:root:Order:6 20 12
DEBUG:root:Order:13 20 12
DEBUG:root:Order:8 20 3
DEBUG:root:Order:8 19 11
DEBUG:root:Order:9 19 11
DEBUG:root:Order:16 19 9
DEBUG:root:Order:16 11 11
DEBUG:root:Order:17 11 4
DEBUG:root:Finish turn

DEBUG:root:Bad order:5 4.0 11
DEBUG:root:Bad order:5 4.0 5
DEBUG:root:Bad order:5 4.0 5
DEBUG:root:Bad order:5 4.0 5
DEBUG:root:Bad order:5 4.0 5
DEBUG:root:Order:5 9 2
DEBUG:root:Order:5 12 1
DEBUG:root:Order:5 13 1
DEBUG:root:Bad order:5 0.0 42
DEBUG:root:Finish turn

DEBUG:root:Order:5 8 25
DEBUG:root:Order:2 8 11
DEBUG:root:Order:6 8 11
DEBUG:root:Order:13 8 10
DEBUG:root:Order:9 8 4
DEBUG:root:Order:9 16 9
DEBUG:root:Order:17 16 8
DEBUG:root:Order:18 16 8
DEBUG:root:Order:12 16 7
DEBUG:root:Order:11 16 2
DEBUG:root:Order:19 16 2
DEBUG:root:Order:20 16 1
DEBUG:root:Finish turn

DEBUG:root:Order:2 9 2
DEBUG:root:Order:5 9 1
DEBUG:root:Order:5 11 1
DEBUG:root:Order:5 12 1
DEBUG:root:Order:5 17 1
DEBUG:root:Order:5 18 1
DEBUG:root:Order:5 19 1
DEBUG:root:Order:5 8 2
DEBUG:root:Order:6 8 2
DEBUG:root:Order:13 8 1
DEBUG:root:Finish turn

DEBUG:root:Order:8 9 10
DEBUG:root:Order:2 9 8
DEBUG:root:Order:6 9 8
DEBUG:root:Order:13 9 7
DEBUG:root:Order:16 9 5
DEBUG:root:Order:11 9 3
DEBUG:root:Order:12 9 3
DEBUG:root:Order:17 9 3
DEBUG:root:Order:18 9 3
DEBUG:root:Order:19 9 3
DEBUG:root:Order:20 9 3
DEBUG:root:Order:5 9 2
DEBUG:root:Finish turn

DEBUG:root:Order:2 0 1
DEBUG:root:Order:2 9 1
DEBUG:root:Order:2 11 1
DEBUG:root:Order:2 12 1
DEBUG:root:Order:2 17 1
DEBUG:root:Order:2 18 1
DEBUG:root:Order:2 19 1
DEBUG:root:Order:2 20 1
DEBUG:root:Finish turn

DEBUG:root:Order:6 5 9
DEBUG:root:Order:13 5 7
DEBUG:root:Order:8 5 5
DEBUG:root:Order:16 5 5
DEBUG:root:Order:9 5 3
DEBUG:root:Order:9 0 4
DEBUG:root:Order:11 0 2
DEBUG:root:Order:12 0 2
DEBUG:root:Order:17 0 2
DEBUG:root:Order:18 0 2
DEBUG:root:Order:19 0 2
DEBUG:root:Order:20 0 2
DEBUG:root:Order:2 0 1
DEBUG:root:Finish turn

DEBUG:root:Order:2 17 8
DEBUG:root:Order:6 17 8
DEBUG:root:Order:5 17 7
DEBUG:root:Order:13 17 6
DEBUG:root:Order:13 18 7
DEBUG:root:Order:8 18 6
DEBUG:root:Order:11 18 4
DEBUG:root:Order:12 18 4
DEBUG:root:Order:20 18 1
DEBUG:root:Order:20 19 4
DEBUG:root:Order:9 19 1
DEBUG:root:Order:9 0 3
DEBUG:root:Finish turn

DEBUG:root:Order:2 13 3
DEBUG:root:Order:2 17 1
DEBUG:root:Order:2 18 1
DEBUG:root:Order:2 19 1
DEBUG:root:Order:2 20 1
DEBUG:root:Order:2 11 3
DEBUG:root:Order:5 11 3
DEBUG:root:Order:6 11 3
DEBUG:root:Order:0 11 2
DEBUG:root:Order:8 11 1
DEBUG:root:Finish turn

DEBUG:root:Order:11 2 4
DEBUG:root:Order:11 12 2
DEBUG:root:Order:11 17 2
DEBUG:root:Order:11 18 2
DEBUG:root:Order:11 19 2
DEBUG:root:Order:11 20 2
DEBUG:root:Order:11 0 9
DEBUG:root:Order:5 0 2
DEBUG:root:Order:6 0 2
DEBUG:root:Finish turn

DEBUG:root:Order:0 12 14
DEBUG:root:Order:5 12 5
DEBUG:root:Order:6 12 5
DEBUG:root:Order:2 12 4
DEBUG:root:Order:13 12 4
DEBUG:root:Order:8 12 2
DEBUG:root:Order:8 11 3
DEBUG:root:Order:9 11 3
DEBUG:root:Finish turn

DEBUG:root:Order:2 11 3
DEBUG:root:Order:5 11 3
DEBUG:root:Order:6 11 1
DEBUG:root:Order:6 12 1
DEBUG:root:Order:6 8 3
DEBUG:root:Order:13 8 2
DEBUG:root:Order:9 8 1
DEBUG:root:Finish turn

DEBUG:root:Order:8 11 2
DEBUG:root:Order:8 12 2
DEBUG:root:Order:8 17 2
DEBUG:root:Order:8 18 2
DEBUG:root:Order:8 19 2
DEBUG:root:Order:8 20 2
DEBUG:root:Order:8 0 5
DEBUG:root:Order:2 0 2
DEBUG:root:Order:5 0 2
DEBUG:root:Order:13 0 1
DEBUG:root:Finish turn

DEBUG:root:Order:0 5 12
DEBUG:root:Order:2 5 6
DEBUG:root:Order:2 18 6
DEBUG:root:Order:6 18 6
DEBUG:root:Order:6 8 6
DEBUG:root:Order:13 8 2
DEBUG:root:Finish turn

DEBUG:root:Order:9 19 6
DEBUG:root:Order:13 19 6
DEBUG:root:Order:5 19 4
DEBUG:root:Order:8 19 2
DEBUG:root:Order:0 19 1
DEBUG:root:Order:11 19 1
DEBUG:root:Order:12 19 1
DEBUG:root:Order:12 2 1
DEBUG:root:Order:12 6 1
DEBUG:root:Finish turn

DEBUG:root:Order:5 11 7
DEBUG:root:Order:2 11 6
DEBUG:root:Order:6 11 6
DEBUG:root:Order:13 11 6
DEBUG:root:Order:9 11 1
DEBUG:root:Order:9 0 5
DEBUG:root:Order:17 0 4
DEBUG:root:Order:20 0 4
DEBUG:root:Order:18 0 3
DEBUG:root:Order:19 0 2
DEBUG:root:Order:12 0 1
DEBUG:root:Finish turn

DEBUG:root:Order:2 0 3
DEBUG:root:Order:2 11 1
DEBUG:root:Order:2 12 3
DEBUG:root:Order:6 12 3
DEBUG:root:Order:13 12 2
DEBUG:root:Finish turn

DEBUG:root:Order:12 17 9
DEBUG:root:Order:6 17 6
DEBUG:root:Order:13 17 5
DEBUG:root:Order:9 17 4
DEBUG:root:Order:0 17 2
DEBUG:root:Order:2 17 2
DEBUG:root:Order:11 17 1
DEBUG:root:Order:18 17 1
DEBUG:root:Order:19 17 1
DEBUG:root:Order:20 17 1
DEBUG:root:Finish turn

DEBUG:root:Order:2 8 7
DEBUG:root:Order:6 8 7
DEBUG:root:Order:13 8 6
DEBUG:root:Order:9 8 5
DEBUG:root:Order:0 8 4
DEBUG:root:Order:11 8 3
DEBUG:root:Order:12 8 3
DEBUG:root:Order:18 8 3
DEBUG:root:Order:19 8 3
DEBUG:root:Order:20 8 3
DEBUG:root:Order:17 8 1
DEBUG:root:Finish turn

DEBUG:root:Order:2 8 3
DEBUG:root:Order:6 8 3
DEBUG:root:Order:6 11 3
DEBUG:root:Order:13 11 2
DEBUG:root:Order:9 11 1
DEBUG:root:Finish turn

DEBUG:root:Order:11 20 7
DEBUG:root:Order:2 20 6
DEBUG:root:Order:13 20 5
DEBUG:root:Order:9 20 4
DEBUG:root:Order:0 20 3
DEBUG:root:Order:6 20 3
DEBUG:root:Order:8 20 3
DEBUG:root:Order:12 20 1
DEBUG:root:Order:17 20 1
DEBUG:root:Order:18 20 1
DEBUG:root:Order:19 20 1
DEBUG:root:Finish turn

DEBUG:root:Order:2 20 3
DEBUG:root:Order:6 20 3
DEBUG:root:Order:6 11 3
DEBUG:root:Order:13 11 2
DEBUG:root:Order:8 11 1
DEBUG:root:Order:9 11 1
DEBUG:root:Finish turn

DEBUG:root:Order:11 12 2
DEBUG:root:Order:11 17 2
DEBUG:root:Order:11 18 2
DEBUG:root:Order:11 19 2
DEBUG:root:Order:11 20 2
DEBUG:root:Order:11 0 4
DEBUG:root:Order:2 0 2
DEBUG:root:Order:13 0 1
DEBUG:root:Finish turn

DEBUG:root:Order:0 18 8
DEBUG:root:Order:2 18 5
DEBUG:root:Order:6 18 4
DEBUG:root:Order:13 18 1
DEBUG:root:Order:13 11 4
DEBUG:root:Order:8 11 3
DEBUG:root:Order:9 11 1
DEBUG:root:Finish turn

DEBUG:root:Order:2 11 2
DEBUG:root:Order:2 18 2
DEBUG:root:Order:2 12 1
DEBUG:root:Order:2 17 1
DEBUG:root:Order:2 19 1
DEBUG:root:Order:2 20 1
DEBUG:root:Order:2 0 2
DEBUG:root:Order:6 0 2
DEBUG:root:Order:9 0 2
DEBUG:root:Finish turn

DEBUG:root:Order:6 12 9
DEBUG:root:Order:13 12 8
DEBUG:root:Order:8 12 7
DEBUG:root:Order:9 12 3
DEBUG:root:Order:9 0 7
DEBUG:root:Order:11 0 4
DEBUG:root:Order:17 0 4
DEBUG:root:Order:18 0 4
DEBUG:root:Order:19 0 4
DEBUG:root:Order:20 0 2
DEBUG:root:Finish turn

DEBUG:root:Order:2 9 2
DEBUG:root:Order:2 12 2
DEBUG:root:Order:2 0 1
DEBUG:root:Order:2 11 1
DEBUG:root:Order:2 17 1
DEBUG:root:Order:2 18 1
DEBUG:root:Order:2 19 1
DEBUG:root:Finish turn

DEBUG:root:Order:6 9 15
DEBUG:root:Order:13 9 13
DEBUG:root:Order:8 9 11
DEBUG:root:Order:0 9 9
DEBUG:root:Order:20 9 9
DEBUG:root:Order:11 9 8
DEBUG:root:Order:12 9 2
DEBUG:root:Order:12 19 8
DEBUG:root:Order:17 19 8
DEBUG:root:Order:18 19 8
DEBUG:root:Order:2 19 4
DEBUG:root:Finish turn

DEBUG:root:Order:2 12 3
DEBUG:root:Order:2 19 2
DEBUG:root:Order:2 11 1
DEBUG:root:Order:2 17 1
DEBUG:root:Order:2 18 1
DEBUG:root:Order:2 20 1
DEBUG:root:Order:2 0 5
DEBUG:root:Order:6 0 2
DEBUG:root:Order:13 0 1
DEBUG:root:Finish turn

DEBUG:root:Order:0 2 5
DEBUG:root:Order:0 11 1
DEBUG:root:Order:0 12 1
DEBUG:root:Order:0 17 1
DEBUG:root:Order:0 18 1
DEBUG:root:Order:0 19 1
DEBUG:root:Order:0 20 1
DEBUG:root:Finish turn

DEBUG:root:Order:6 11 7
DEBUG:root:Order:13 11 5
DEBUG:root:Order:2 11 3
DEBUG:root:Order:8 11 3
DEBUG:root:Order:9 11 2
DEBUG:root:Finish turn

DEBUG:root:Order:2 0 3
DEBUG:root:Order:6 0 3
DEBUG:root:Order:6 11 3
DEBUG:root:Order:6 12 1
DEBUG:root:Order:6 17 1
DEBUG:root:Order:6 18 1
DEBUG:root:Order:6 19 1
DEBUG:root:Order:6 20 1
DEBUG:root:Finish turn

DEBUG:root:Order:13 0 6
DEBUG:root:Order:2 0 5
DEBUG:root:Order:8 0 4
DEBUG:root:Order:9 0 4
DEBUG:root:Finish turn

DEBUG:root:Order:2 18 6
DEBUG:root:Order:13 18 5
DEBUG:root:Order:8 18 4
DEBUG:root:Order:9 18 4
DEBUG:root:Order:6 18 2
DEBUG:root:Order:6 19 3
DEBUG:root:Order:11 19 2
DEBUG:root:Order:12 19 2
DEBUG:root:Order:17 19 2
DEBUG:root:Order:20 19 2
DEBUG:root:Finish turn

DEBUG:root:Order:2 19 3
DEBUG:root:Order:2 0 1
DEBUG:root:Order:2 18 1
DEBUG:root:Order:2 11 3
DEBUG:root:Order:13 11 2
DEBUG:root:Order:6 11 1
DEBUG:root:Order:8 11 1
DEBUG:root:Order:9 11 1
DEBUG:root:Finish turn

DEBUG:root:Order:11 20 8
DEBUG:root:Order:6 20 5
DEBUG:root:Order:13 20 4
DEBUG:root:Order:8 20 3
DEBUG:root:Order:9 20 3
DEBUG:root:Order:0 20 1
DEBUG:root:Finish turn

DEBUG:root:Order:2 12 4
DEBUG:root:Order:6 12 4
DEBUG:root:Order:13 12 3
DEBUG:root:Order:8 12 1
DEBUG:root:Order:8 20 2
DEBUG:root:Order:9 20 2
DEBUG:root:Order:0 20 1
DEBUG:root:Finish turn

DEBUG:root:Order:2 20 3
DEBUG:root:Order:6 20 2
DEBUG:root:Order:6 12 1
DEBUG:root:Order:6 11 3
DEBUG:root:Order:13 11 2
DEBUG:root:Order:9 11 1
DEBUG:root:Finish turn

DEBUG:root:Order:11 0 6
DEBUG:root:Order:2 0 5
DEBUG:root:Order:13 0 4
DEBUG:root:Order:8 0 3
DEBUG:root:Order:9 0 3
DEBUG:root:Order:6 0 2
DEBUG:root:Finish turn

DEBUG:root:Order:2 19 9
DEBUG:root:Order:6 19 9
DEBUG:root:Order:13 19 8
DEBUG:root:Order:8 19 2
DEBUG:root:Order:8 12 7
DEBUG:root:Order:9 12 7
DEBUG:root:Order:11 12 5
DEBUG:root:Order:17 12 5
DEBUG:root:Order:20 12 1
DEBUG:root:Order:20 18 5
DEBUG:root:Order:0 18 3
DEBUG:root:Finish turn

DEBUG:root:Order:2 18 3
DEBUG:root:Order:6 18 2
DEBUG:root:Order:6 12 1
DEBUG:root:Order:6 19 1
DEBUG:root:Order:6 20 1
DEBUG:root:Order:6 8 3
DEBUG:root:Order:13 8 2
DEBUG:root:Order:9 8 1
DEBUG:root:Finish turn

DEBUG:root:Order:2 13 26
DEBUG:root:Order:9 13 24
DEBUG:root:Order:0 13 23
DEBUG:root:Order:6 13 5
DEBUG:root:Order:6 8 21
DEBUG:root:Order:12 8 21
DEBUG:root:Order:18 8 10
DEBUG:root:Bad order:18 8.0 21
DEBUG:root:Order:19 17 21
DEBUG:root:Bad order:20 11.0 12
DEBUG:root:Order:20 11 10
DEBUG:root:Finish turn

DEBUG:root:Bad order:18 9.0 10
DEBUG:root:Order:2 17 3
DEBUG:root:Order:20 17 3
DEBUG:root:Order:9 17 1
DEBUG:root:Order:13 17 1
DEBUG:root:Finish turn

DEBUG:root:Order:18 17 7
DEBUG:root:Order:18 11 3
DEBUG:root:Bad order:18 1.0 2
DEBUG:root:Bad order:18 1.0 2
DEBUG:root:Order:18 20 1
DEBUG:root:Bad order:18 0.0 8
DEBUG:root:Order:2 0 2
DEBUG:root:Order:13 0 1
DEBUG:root:Finish turn

DEBUG:root:Order:2 12 3
DEBUG:root:Order:2 19 3
DEBUG:root:Order:2 11 1
DEBUG:root:Order:2 17 1
DEBUG:root:Order:2 20 1
DEBUG:root:Finish turn

DEBUG:root:Order:6 2 3
DEBUG:root:Order:6 11 2
DEBUG:root:Order:6 12 2
DEBUG:root:Order:6 17 2
DEBUG:root:Order:6 19 2
DEBUG:root:Order:6 20 2
DEBUG:root:Finish turn

DEBUG:root:Order:13 20 5
DEBUG:root:Order:2 20 2
DEBUG:root:Order:8 20 1
DEBUG:root:Order:8 6 2
DEBUG:root:Order:9 6 2
DEBUG:root:Order:9 11 1
DEBUG:root:Order:9 12 1
DEBUG:root:Order:9 17 1
DEBUG:root:Order:9 19 1
DEBUG:root:Finish turn

DEBUG:root:Order:2 9 2
DEBUG:root:Order:2 11 1
DEBUG:root:Order:2 12 1
DEBUG:root:Order:2 17 1
DEBUG:root:Order:2 19 1
DEBUG:root:Order:2 20 1
DEBUG:root:Finish turn

DEBUG:root:Order:6 0 9
DEBUG:root:Order:13 0 8
DEBUG:root:Order:8 0 5
DEBUG:root:Order:9 0 4
DEBUG:root:Order:9 18 4
DEBUG:root:Order:2 18 3
DEBUG:root:Order:11 18 2
DEBUG:root:Order:12 18 2
DEBUG:root:Order:17 18 1
DEBUG:root:Finish turn

DEBUG:root:Order:2 18 3
DEBUG:root:Order:6 18 3
DEBUG:root:Order:13 18 2
DEBUG:root:Order:8 18 1
DEBUG:root:Order:19 18 1
DEBUG:root:Order:20 18 1
DEBUG:root:Finish turn

DEBUG:root:Order:2 9 9
DEBUG:root:Order:6 9 9
DEBUG:root:Order:13 9 8
DEBUG:root:Order:8 9 7
DEBUG:root:Order:0 9 5
DEBUG:root:Order:17 9 5
DEBUG:root:Order:19 9 5
DEBUG:root:Order:20 9 5
DEBUG:root:Order:11 9 4
DEBUG:root:Order:18 9 3
DEBUG:root:Order:12 9 2
DEBUG:root:Finish turn

DEBUG:root:Order:2 20 9
DEBUG:root:Order:6 20 9
DEBUG:root:Order:13 20 8
DEBUG:root:Order:8 20 3
DEBUG:root:Order:8 19 7
DEBUG:root:Order:0 19 6
DEBUG:root:Order:11 19 5
DEBUG:root:Order:17 19 5
DEBUG:root:Order:18 19 1
DEBUG:root:Order:18 12 2
DEBUG:root:Finish turn

DEBUG:root:Order:2 11 5
DEBUG:root:Order:6 11 5
DEBUG:root:Order:9 11 5
DEBUG:root:Order:13 11 4
DEBUG:root:Order:18 11 3
DEBUG:root:Order:0 11 2
DEBUG:root:Order:17 11 1
DEBUG:root:Finish turn

DEBUG:root:Order:2 11 3
DEBUG:root:Order:6 11 3
DEBUG:root:Order:13 11 2
DEBUG:root:Order:8 11 1
DEBUG:root:Order:9 11 1
DEBUG:root:Finish turn

DEBUG:root:Order:2 12 6
DEBUG:root:Order:6 12 6
DEBUG:root:Order:13 12 5
DEBUG:root:Order:8 12 4
DEBUG:root:Order:9 12 4
DEBUG:root:Order:17 12 1
DEBUG:root:Order:18 12 1
DEBUG:root:Order:19 12 1
DEBUG:root:Order:20 12 1
DEBUG:root:Finish turn

DEBUG:root:Order:2 18 3
DEBUG:root:Order:6 18 3
DEBUG:root:Order:6 11 3
DEBUG:root:Order:13 11 2
DEBUG:root:Order:8 11 1
DEBUG:root:Order:9 11 1
DEBUG:root:Finish turn

DEBUG:root:Order:11 8 9
DEBUG:root:Order:2 8 7
DEBUG:root:Bad order:13 3.0 6
DEBUG:root:Order:9 8 5
DEBUG:root:Order:6 8 4
DEBUG:root:Order:12 8 2
DEBUG:root:Order:17 8 2
DEBUG:root:Order:18 8 2
DEBUG:root:Order:19 8 2
DEBUG:root:Order:20 8 2
DEBUG:root:Finish turn

DEBUG:root:Order:2 0 7
DEBUG:root:Order:6 0 7
DEBUG:root:Order:9 0 5
DEBUG:root:Order:11 0 3
DEBUG:root:Order:12 0 2
DEBUG:root:Order:12 13 3
DEBUG:root:Order:17 13 3
DEBUG:root:Order:18 13 3
DEBUG:root:Order:19 13 3
DEBUG:root:Order:20 13 3
DEBUG:root:Finish turn

DEBUG:root:Order:2 12 2
DEBUG:root:Order:6 12 1
DEBUG:root:Order:6 0 1
DEBUG:root:Order:6 11 1
DEBUG:root:Order:6 17 1
DEBUG:root:Order:6 19 1
DEBUG:root:Order:6 20 1
DEBUG:root:Finish turn

DEBUG:root:Order:2 17 7
DEBUG:root:Order:13 17 6
DEBUG:root:Order:8 17 5
DEBUG:root:Order:9 17 5
DEBUG:root:Order:0 17 3
DEBUG:root:Order:6 17 3
DEBUG:root:Order:11 17 2
DEBUG:root:Order:12 17 2
DEBUG:root:Order:19 17 2
DEBUG:root:Order:20 17 1
DEBUG:root:Order:20 18 2
DEBUG:root:Finish turn

DEBUG:root:Order:2 6 12
DEBUG:root:Order:13 6 11
DEBUG:root:Order:8 6 10
DEBUG:root:Order:9 6 10
DEBUG:root:Order:0 6 9
DEBUG:root:Order:11 6 8
DEBUG:root:Order:12 6 8
DEBUG:root:Order:19 6 8
DEBUG:root:Order:17 6 7
DEBUG:root:Order:20 6 7
DEBUG:root:Finish turn

DEBUG:root:Order:2 6 3
DEBUG:root:Order:13 6 2
DEBUG:root:Order:13 11 2
DEBUG:root:Order:9 11 1
DEBUG:root:Finish turn

DEBUG:root:Order:6 2 11
DEBUG:root:Order:9 2 10
DEBUG:root:Order:11 2 10
DEBUG:root:Order:0 2 9
DEBUG:root:Bad order:13 4.0 9
DEBUG:root:Order:12 2 7
DEBUG:root:Order:17 2 7
DEBUG:root:Order:18 2 7
DEBUG:root:Order:19 2 7
DEBUG:root:Order:20 2 7
DEBUG:root:Finish turn

DEBUG:root:Order:6 13 6
DEBUG:root:Order:9 13 4
DEBUG:root:Order:0 13 3
DEBUG:root:Order:11 13 2
DEBUG:root:Order:12 13 2
DEBUG:root:Order:17 13 1
DEBUG:root:Order:17 2 2
DEBUG:root:Order:18 2 2
DEBUG:root:Order:19 2 2
DEBUG:root:Order:20 2 2
DEBUG:root:Finish turn

DEBUG:root:Order:6 2 1
DEBUG:root:Order:6 17 1
DEBUG:root:Order:6 11 3
DEBUG:root:Order:9 11 1
DEBUG:root:Order:13 11 1
DEBUG:root:Finish turn

DEBUG:root:Order:11 9 8
DEBUG:root:Order:2 9 7
DEBUG:root:Order:13 9 7
DEBUG:root:Order:6 9 6
DEBUG:root:Order:0 9 5
DEBUG:root:Order:12 9 3
DEBUG:root:Order:12 19 3
DEBUG:root:Order:17 19 3
DEBUG:root:Order:18 19 3
DEBUG:root:Order:20 19 2
DEBUG:root:Finish turn

DEBUG:root:Order:2 0 6
DEBUG:root:Order:6 0 6
DEBUG:root:Order:13 0 5
DEBUG:root:Order:9 0 3
DEBUG:root:Order:9 18 3
DEBUG:root:Order:20 18 1
DEBUG:root:Order:20 12 3
DEBUG:root:Order:17 12 2
DEBUG:root:Order:19 12 1
DEBUG:root:Finish turn

DEBUG:root:Order:8 9 2
DEBUG:root:Order:8 18 2
DEBUG:root:Bad order:8 0.0 2
DEBUG:root:Bad order:8 0.0 1
DEBUG:root:Bad order:8 0.0 1
DEBUG:root:Bad order:8 0.0 1
DEBUG:root:Finish turn

DEBUG:root:Order:2 8 7
DEBUG:root:Order:6 8 7
DEBUG:root:Order:13 8 4
DEBUG:root:Order:13 20 1
DEBUG:root:Order:13 17 5
DEBUG:root:Order:9 17 2
DEBUG:root:Finish turn

DEBUG:root:Order:17 18 4
DEBUG:root:Order:2 18 2
DEBUG:root:Order:6 18 2
DEBUG:root:Finish turn

DEBUG:root:Order:2 19 4
DEBUG:root:Order:2 20 2
DEBUG:root:Order:2 12 1
DEBUG:root:Order:2 18 1
DEBUG:root:Finish turn

DEBUG:root:Order:6 20 11
DEBUG:root:Order:9 20 3
DEBUG:root:Order:9 12 7
DEBUG:root:Order:8 12 2
DEBUG:root:Order:8 19 6
DEBUG:root:Order:0 19 2
DEBUG:root:Order:0 11 4
DEBUG:root:Order:2 11 3
DEBUG:root:Finish turn

DEBUG:root:Order:2 11 4
DEBUG:root:Order:6 11 4
DEBUG:root:Order:17 11 3
DEBUG:root:Order:18 11 1
DEBUG:root:Order:18 0 2
DEBUG:root:Finish turn

DEBUG:root:Order:2 11 1
DEBUG:root:Order:2 12 1
DEBUG:root:Order:2 18 1
DEBUG:root:Order:2 19 1
DEBUG:root:Order:2 20 1
DEBUG:root:Order:2 17 3
DEBUG:root:Order:6 17 3
DEBUG:root:Order:0 17 1
DEBUG:root:Order:8 17 1
DEBUG:root:Finish turn

DEBUG:root:Order:17 8 7
DEBUG:root:Order:6 8 4
DEBUG:root:Order:9 8 2
DEBUG:root:Bad order:13 1.0 2
DEBUG:root:Bad order:13 1.0 2
DEBUG:root:Order:0 2 1
DEBUG:root:Finish turn

DEBUG:root:Order:2 9 14
DEBUG:root:Order:6 9 14
DEBUG:root:Order:8 9 5
DEBUG:root:Order:8 0 9
DEBUG:root:Bad order:11 5.0 9
DEBUG:root:Order:12 0 9
DEBUG:root:Order:19 0 9
DEBUG:root:Bad order:19 5.0 9
DEBUG:root:Order:20 17 9
DEBUG:root:Bad order:18 1.0 2
DEBUG:root:Bad order:18 1.0 2
DEBUG:root:Finish turn

DEBUG:root:Order:11 13 8
DEBUG:root:Bad order:11 1.0 3
DEBUG:root:Bad order:11 1.0 3
DEBUG:root:Bad order:11 1.0 8
DEBUG:root:Order:2 0 3
DEBUG:root:Order:6 0 3
DEBUG:root:Order:18 0 1
DEBUG:root:Finish turn

DEBUG:root:Order:0 6 15
DEBUG:root:Order:2 6 12
DEBUG:root:Order:9 6 10
DEBUG:root:Order:13 6 10
DEBUG:root:Order:11 6 8
DEBUG:root:Bad order:18 5.0 8
DEBUG:root:Order:12 6 7
DEBUG:root:Order:19 6 7
DEBUG:root:Order:8 6 6
DEBUG:root:Order:17 6 4
DEBUG:root:Finish turn

DEBUG:root:Bad order:18 6.0 7
DEBUG:root:Order:2 6 3
DEBUG:root:Order:13 6 2
DEBUG:root:Order:9 6 1
DEBUG:root:Finish turn

DEBUG:root:Order:18 6 5
DEBUG:root:Order:18 11 2
DEBUG:root:Bad order:18 0.0 2
DEBUG:root:Bad order:18 0.0 5
DEBUG:root:Order:2 0 2
DEBUG:root:Order:13 0 1
DEBUG:root:Finish turn

DEBUG:root:Order:2 17 2
DEBUG:root:Order:0 17 1
DEBUG:root:Order:6 17 1
DEBUG:root:Order:6 11 1
DEBUG:root:Order:13 11 1
DEBUG:root:Finish turn

DEBUG:root:Order:2 13 7
DEBUG:root:Order:6 13 6
DEBUG:root:Order:9 13 5
DEBUG:root:Order:0 13 4
DEBUG:root:Order:11 13 2
DEBUG:root:Order:17 13 2
DEBUG:root:Finish turn

DEBUG:root:Order:2 11 4
DEBUG:root:Order:6 11 4
DEBUG:root:Order:13 11 3
DEBUG:root:Order:9 11 2
DEBUG:root:Order:0 11 1
DEBUG:root:Finish turn

DEBUG:root:Order:6 2 19
DEBUG:root:Bad order:13 11.0 18
DEBUG:root:Order:9 2 17
DEBUG:root:Order:0 2 16
DEBUG:root:Order:17 2 15
DEBUG:root:Bad order:11 6.0 10
DEBUG:root:Finish turn

DEBUG:root:Bad order:13 15.0 19
DEBUG:root:Bad order:11 7.0 8
DEBUG:root:Order:6 2 2
DEBUG:root:Finish turn

DEBUG:root:Bad order:13 19.0 20
DEBUG:root:Order:11 2 6
DEBUG:root:Order:6 2 2
DEBUG:root:Finish turn

DEBUG:root:Order:13 2 16
DEBUG:root:Order:13 0 3
DEBUG:root:Order:13 11 2
DEBUG:root:Bad order:13 2.0 20
DEBUG:root:Order:6 9 1
DEBUG:root:Finish turn

DEBUG:root:Order:6 11 2
DEBUG:root:Order:6 0 1
DEBUG:root:Finish turn

DEBUG:root:Order:2 9 11
DEBUG:root:Order:6 9 9
DEBUG:root:Order:0 9 6
DEBUG:root:Order:11 9 5
DEBUG:root:Finish turn

DEBUG:root:Order:2 9 1
DEBUG:root:Order:2 11 1
DEBUG:root:Order:2 0 2
DEBUG:root:Order:6 0 2
DEBUG:root:Finish turn

DEBUG:root:Order:0 11 2
DEBUG:root:Order:6 11 1
DEBUG:root:Order:6 9 1
DEBUG:root:Finish turn

DEBUG:root:Order:2 11 1
DEBUG:root:Order:6 11 1
DEBUG:root:Order:6 0 1
DEBUG:root:Order:6 9 1
DEBUG:root:Finish turn

DEBUG:root:Order:2 0 6
DEBUG:root:Order:6 0 4
DEBUG:root:Order:9 0 4
DEBUG:root:Order:11 0 1
DEBUG:root:Finish turn

DEBUG:root:Order:2 0 2
DEBUG:root:Order:6 0 2
DEBUG:root:Order:6 11 1
DEBUG:root:Finish turn

DEBUG:root:Order:2 11 2
DEBUG:root:Order:2 0 1
DEBUG:root:Finish turn

DEBUG:root:Order:6 11 5
DEBUG:root:Order:2 11 3
DEBUG:root:Order:9 11 2
DEBUG:root:Finish turn

DEBUG:root:Order:2 6 20
DEBUG:root:Order:9 6 18
DEBUG:root:Bad order:0 14.0 17
DEBUG:root:Bad order:11 10.0 15
DEBUG:root:Finish turn

DEBUG:root:Order:0 6 15
DEBUG:root:Order:11 6 12
DEBUG:root:Order:2 6 1
DEBUG:root:Finish turn

DEBUG:root:Order:2 11 1
DEBUG:root:Order:2 0 2
DEBUG:root:Finish turn

DEBUG:root:Order:2 9 11
DEBUG:root:Order:6 9 11
DEBUG:root:Order:0 9 10
DEBUG:root:Order:11 9 7
DEBUG:root:Finish turn

DEBUG:root:Order:2 9 1
DEBUG:root:Order:6 9 1
DEBUG:root:Finish turn

DEBUG:root:Order:2 11 3
DEBUG:root:Order:6 11 3
DEBUG:root:Finish turn

DEBUG:root:Order:2 11 3
DEBUG:root:Order:6 11 3
DEBUG:root:Order:9 11 1
DEBUG:root:Finish turn

DEBUG:root:Order:2 11 2
DEBUG:root:Order:6 11 2
DEBUG:root:Finish turn

DEBUG:root:Order:6 2 16
DEBUG:root:Order:9 2 14
DEBUG:root:Bad order:11 7.0 12
DEBUG:root:Finish turn

DEBUG:root:Order:11 2 9
DEBUG:root:Order:6 2 1
DEBUG:root:Order:6 9 1
DEBUG:root:Finish turn

DEBUG:root:Order:2 11 1
DEBUG:root:Order:6 11 1
DEBUG:root:Finish turn

DEBUG:root:Order:2 11 1
DEBUG:root:Order:6 11 1
DEBUG:root:Order:6 9 1
DEBUG:root:Finish turn

DEBUG:root:Order:2 11 5
DEBUG:root:Order:6 11 4
DEBUG:root:Order:9 11 3
DEBUG:root:Finish turn

DEBUG:root:Order:2 6 16
DEBUG:root:Order:9 6 14
DEBUG:root:Order:11 6 9
DEBUG:root:Finish turn

DEBUG:root:Order:2 11 1
DEBUG:root:Order:6 11 1
DEBUG:root:Order:6 9 1
DEBUG:root:Finish turn

DEBUG:root:Order:2 11 2
DEBUG:root:Order:6 11 1
DEBUG:root:Finish turn

DEBUG:root:Bad order:6 32.0 35
DEBUG:root:Bad order:11 12.0 31
DEBUG:root:Finish turn

DEBUG:root:Order:6 2 37
DEBUG:root:Order:11 2 18
DEBUG:root:Bad order:11 1.0 10
DEBUG:root:Finish turn

DEBUG:root:Bad order:11 6.0 8
DEBUG:root:Order:6 9 1
DEBUG:root:Finish turn

DEBUG:root:Order:11 9 7
DEBUG:root:Order:2 9 3
DEBUG:root:Finish turn

DEBUG:root:Order:2 11 2
DEBUG:root:Finish turn

DEBUG:root:Order:2 11 2
DEBUG:root:Finish turn

DEBUG:root:Order:2 9 1
DEBUG:root:Finish turn

DEBUG:root:Order:2 9 1
DEBUG:root:Finish turn

DEBUG:root:Order:2 9 1
DEBUG:root:Finish turn

DEBUG:root:Order:2 9 1
DEBUG:root:Finish turn

DEBUG:root:Order:2 9 1
DEBUG:root:Finish turn

DEBUG:root:Order:2 9 16
DEBUG:root:Finish turn

DEBUG:root:Order:2 9 1
DEBUG:root:Finish turn

DEBUG:root:Order:2 9 1
DEBUG:root:Finish turn

DEBUG:root:Order:2 9 1
DEBUG:root:Finish turn

DEBUG:root:Order:2 9 1
DEBUG:root:Finish turn

DEBUG:root:Bad order:9 20.0 28
DEBUG:root:Finish turn

DEBUG:root:Order:9 2 6
DEBUG:root:Finish turn

DEBUG:root:Order:2 9 1
DEBUG:root:Finish turn

DEBUG:root:Order:2 9 1
DEBUG:root:Finish turn

DEBUG:root:Order:2 9 1
DEBUG:root:Finish turn

DEBUG:root:Order:2 9 1
DEBUG:root:Finish turn

DEBUG:root:Bad order:2 0.0 1
DEBUG:root:Finish turn

DEBUG:root:Finish turn

DEBUG:root:Finish turn

DEBUG:root:Finish turn

DEBUG:root:Finish turn

DEBUG:root:Finish turn

DEBUG:root:Finish turn

